<?xml version="1.0" encoding="UTF-8"?>
<!-- Generated by org.testng.reporters.JUnitReportReporter -->
<testsuite hostname="NOT-A-PC" failures="0" tests="1" name="tests.UserMenuTest" time="3.333" errors="0" timestamp="2024-01-04T19:50:30 MST" skipped="0">
  <testcase classname="tests.UserMenuTest" name="selectMyProfile_TC06_01" time="3.333"/>
</testsuite> <!-- tests.UserMenuTest -->
